<?xml version="1.0" encoding="UTF-8"?>
<project xmlns="http://maven.apache.org/POM/4.0.0"
         xmlns:xsi="http://www.w3.org/2001/XMLSchema-instance"
         xsi:schemaLocation="http://maven.apache.org/POM/4.0.0 http://maven.apache.org/xsd/maven-4.0.0.xsd">
    <modelVersion>4.0.0</modelVersion>

    <groupId>dependency-tree-builder</groupId>
    <artifactId>dependency-tree-builder</artifactId>
    <version>1.0-SNAPSHOT</version>
    <properties>
        <maven.compiler.target>1.8</maven.compiler.target>
        <maven.compiler.source>1.8</maven.compiler.source>
    </properties>
    <repositories>
        <repository>
            <id>central</id>
            <name>Central Repository</name>
            <url>https://repo.maven.apache.org/maven2</url>
            <layout>default</layout>
            <snapshots>
                <enabled>false</enabled>
            </snapshots>
        </repository>
    </repositories>
    <!-- https://mvnrepository.com/artifact/org.springframework.boot/spring-boot-starter-web -->
    <dependencies>
        
        <dependency>
            <groupId>org.apache.commons</groupId>
            <artifactId>commons-lang3</artifactId>
            <version>3.0</version>
        </dependency>
		<dependency>
		    <groupId>commons-collections</groupId>
		    <artifactId>commons-collections</artifactId>
		    <version>3.2.2</version>
		</dependency>
    </dependencies>

    
</project>